
  ___  ____  ____  ____  ____ ®
 /__    /   ____/   /   ____/      StataNow 18.5
___/   /   /___/   /   /___/       MP—Parallel Edition

 Statistics and Data Science       Copyright 1985-2023 StataCorp LLC
                                   StataCorp
                                   4905 Lakeway Drive
                                   College Station, Texas 77845 USA
                                   800-782-8272        https://www.stata.com
                                   979-696-4600        service@stata.com

Stata license: Unlimited-user 16-core network, expiring  2 Jul 2026
Serial number: 501909320077
  Licensed to: Michael Droste
               Stanford University GSB

Notes:
      1. Stata is running in batch mode.
      2. Unicode is supported; see help unicode_advice.
      3. More than 2 billion observations are allowed; see help obs_advice.
      4. Maximum number of variables is set to 5,000 but can be increased;
          see help set_maxvar.


Running /Users/Mike/Documents/Stata/profile.do ...

. do /tmp/debug_auto2.do 

. * Debug test - show which rows differ
. clear all

. set more off

. adopath + "/Users/Mike/Documents/GitHub/stata-ctools/build"
  [1]  (BASE)      "/Applications/Stata/ado/base/"
  [2]  (SITE)      "/Applications/Stata/ado/site/"
  [3]              "."
  [4]  (PERSONAL)  "/Users/Mike/Documents/Stata/ado/personal/"
  [5]  (PLUS)      "/Users/Mike/Library/Application Support/Stata/ado/plus/"
  [6]  (OLDPLACE)  "~/ado/"
  [7]              "/Users/Mike/Documents/GitHub/stata-ctools/build"

. 
. * Create test datasets
. sysuse auto, clear
(1978 automobile data)

. keep make price mpg

. tempfile master

. save `master'
file /var/folders/5l/0w9hn2t9637147hqnm7bgk000000gn/T//St67852.000001 saved
    as .dta format

. 
. sysuse auto, clear  
(1978 automobile data)

. keep make rep78 headroom

. tempfile using_file

. save `using_file'
file /var/folders/5l/0w9hn2t9637147hqnm7bgk000000gn/T//St67852.000002 saved
    as .dta format

. 
. * Run Stata merge
. use `master', clear
(1978 automobile data)

. merge 1:1 make using `using_file'

    Result                      Number of obs
    -----------------------------------------
    Not matched                             0
    Matched                                74  (_merge==3)
    -----------------------------------------

. drop _merge

. sort make

. rename rep78 stata_rep78

. rename headroom stata_headroom

. tempfile stata_result

. save `stata_result'
file /var/folders/5l/0w9hn2t9637147hqnm7bgk000000gn/T//St67852.000003 saved
    as .dta format

. 
. * Run cmerge
. use `master', clear
(1978 automobile data)

. cmerge 1:1 make using `using_file'

    Result                      Number of obs
    -----------------------------------------
    Not matched                             0

    Matched                                74  (_merge==3)
    -----------------------------------------

. drop _merge

. sort make

. rename rep78 cmerge_rep78

. rename headroom cmerge_headroom

. 
. * Merge results
. merge 1:1 make using `stata_result', nogen

    Result                      Number of obs
    -----------------------------------------
    Not matched                             0
    Matched                                74  
    -----------------------------------------

. 
. * Show rows where values differ
. gen diff_rep78 = (stata_rep78 != cmerge_rep78) & !missing(stata_rep78) & !mis
> sing(cmerge_rep78)

. gen diff_headroom = (stata_headroom != cmerge_headroom)

. count if diff_rep78 | diff_headroom 
  0

. list make stata_rep78 cmerge_rep78 stata_headroom cmerge_headroom if diff_rep
> 78 | diff_headroom in 1/10

. 
end of do-file
