
  ___  ____  ____  ____  ____ ®
 /__    /   ____/   /   ____/      StataNow 18.5
___/   /   /___/   /   /___/       MP—Parallel Edition

 Statistics and Data Science       Copyright 1985-2023 StataCorp LLC
                                   StataCorp
                                   4905 Lakeway Drive
                                   College Station, Texas 77845 USA
                                   800-782-8272        https://www.stata.com
                                   979-696-4600        service@stata.com

Stata license: Unlimited-user 16-core network, expiring  2 Jul 2026
Serial number: 501909320077
  Licensed to: Michael Droste
               Stanford University GSB

Notes:
      1. Stata is running in batch mode.
      2. Unicode is supported; see help unicode_advice.
      3. More than 2 billion observations are allowed; see help obs_advice.
      4. Maximum number of variables is set to 5,000 but can be increased;
          see help set_maxvar.


Running /Users/Mike/Documents/Stata/profile.do ...

. do validation/debug_verbose.do 

. * Debug with verbose
. 
. version 14.0

. clear all

. set more off

. 
. adopath + "build"
  [1]  (BASE)      "/Applications/Stata/ado/base/"
  [2]  (SITE)      "/Applications/Stata/ado/site/"
  [3]              "."
  [4]  (PERSONAL)  "/Users/Mike/Documents/Stata/ado/personal/"
  [5]  (PLUS)      "/Users/Mike/Library/Application Support/Stata/ado/plus/"
  [6]  (OLDPLACE)  "~/ado/"
  [7]              "build"

. cap program drop ctools_plugin

. program ctools_plugin, plugin using("build/ctools_mac_arm.plugin")

. 
. sysuse census, clear
(1980 Census data by state)

. keep state region pop

. tempfile master

. quietly save `master'

. 
. clear

. input byte region str20 region_name

       region           region_name
  1. 1 "NE"
  2. 2 "N Cntrl"
  3. 3 "South"
  4. 4 "West"
  5. end

. tempfile using_data

. quietly save `using_data'

. 
. use `master', clear
(1980 Census data by state)

. cmerge m:1 region using `using_data', verbose

------------------------------------------------------------
cmerge: C-Accelerated Merge (Full Native)
------------------------------------------------------------
Merge type:  m:1
Key vars:    region
Using file:  /var/folders/5l/0w9hn2t9637147hqnm7bgk000000gn/T//St96972.000002
Master obs:  50
Master vars: 3
Sorted:      no
------------------------------------------------------------

Phase 1: Loading using dataset into C...
  Using dataset: 4 obs, 2 vars
cmerge: Loading using dataset into C...
  Loaded 4 obs, 2 vars in 0.0 ms
cmerge: Sorting using dataset...
  Sorted in 0.0 ms

Phase 2: Executing merge in C...
cmerge: Loading master dataset...
  Loaded 50 obs, 5 vars in 0.1 ms
cmerge: Sorting master dataset...
  Sorting by var index: 2 (1-based), master has 6 vars
  First 5 original indices: 6 18 20 28 29
  First 5 sorted key values: 1 1 1 1 1
  Sorted in 0.1 ms
cmerge: Performing sorted merge join...
  Merge produced 50 rows in 0.0 ms
  Sorting output to restore original order...
  First 5 output rows before qsort: orig_idx=6,18,20,28,29
  First 5 output rows after qsort: orig_idx=0,1,2,3,4
  First 5 master_row values after qsort: 21,37,38,22,39
cmerge: Building output dataset...
  Built output in 0.0 ms
cmerge: Storing results to Stata...
  Stored 50 obs in 0.1 ms

Total C time: 0.2 ms
  Load master: 0.1 ms, Sort master: 0.1 ms
  Merge: 0.0 ms, Build: 0.0 ms, Store: 0.1 ms

    Result                             Number of obs
    -----------------------------------------------
    Not matched                                      0

    Matched                                         50  (_merge==3)
    -----------------------------------------------

Total time:     0.015 seconds

. list state region pop region_name _merge in 1/10, sep(0)

     +-------------------------------------------------------+
     | state         region          pop   region~e   _merge |
     |-------------------------------------------------------|
  1. | Alabama       South     3,893,888      South        3 |
  2. | Alaska        West        401,851       West        3 |
  3. | Arizona       West      2,718,215       West        3 |
  4. | Arkansas      South     2,286,435      South        3 |
  5. | California    West     23,667,902       West        3 |
  6. | Colorado      West      2,889,964       West        3 |
  7. | Connecticut   NE        3,107,576         NE        3 |
  8. | Delaware      South       594,338      South        3 |
  9. | Florida       South     9,746,324      South        3 |
 10. | Georgia       South     5,463,105      South        3 |
     +-------------------------------------------------------+

. 
end of do-file
